Base path: C:/Program Files (x86)/Unity/Editor/Data
Pipe name: \\.\pipe\UnityShaderCompiler-3-1048
Cmd: getPlatforms
Cmd: compileSnippet
  api=8 type=0 insize=5046 outsize=5013 kw=DIRECTIONAL SHADOWS_OFF LIGHTMAP_OFF DIRLIGHTMAP_OFF ok=1
Cmd: compileSnippet
  api=4 type=0 insize=5046 outsize=5198 kw=DIRECTIONAL SHADOWS_SCREEN LIGHTMAP_OFF DIRLIGHTMAP_OFF VERTEXLIGHT_ON ok=1
Cmd: compileSnippet
  api=1 type=1 insize=5046 outsize=585 kw=DIRECTIONAL SHADOWS_SCREEN LIGHTMAP_OFF DIRLIGHTMAP_OFF ok=1
Cmd: compileSnippet
  api=0 type=0 insize=19247 outsize=823 kw= ok=1
Cmd: compileSnippet
  api=0 type=0 insize=19254 outsize=3032 kw= ok=1
Cmd: compileSnippet
  api=0 type=0 insize=19258 outsize=4208 kw= ok=1
Cmd: compileSnippet
  api=0 type=0 insize=19237 outsize=426 kw= ok=1
Cmd: compileSnippet
  api=0 type=0 insize=19253 outsize=818 kw= ok=1
Cmd: compileSnippet
  api=0 type=0 insize=19240 outsize=1652 kw= ok=1
Cmd: compileSnippet
  api=0 type=0 insize=19251 outsize=1490 kw= ok=1
Cmd: compileSnippet
  api=0 type=0 insize=19247 outsize=575 kw= ok=1
Cmd: compileSnippet
  api=0 type=0 insize=19257 outsize=841 kw= ok=1
Cmd: compileSnippet
  api=0 type=0 insize=19250 outsize=731 kw= ok=1
Cmd: compileSnippet
  api=0 type=0 insize=19257 outsize=909 kw= ok=1
Cmd: compileSnippet
  api=0 type=0 insize=19245 outsize=3014 kw= ok=1
Cmd: compileSnippet
  api=0 type=0 insize=19254 outsize=2622 kw= ok=1
Cmd: compileSnippet
  api=1 type=0 insize=19241 outsize=318 kw= ok=1
Cmd: compileSnippet
  api=0 type=0 insize=19256 outsize=597 kw= ok=1
Cmd: compileSnippet
  api=0 type=0 insize=19246 outsize=753 kw= ok=1
Cmd: compileSnippet
  api=0 type=0 insize=19239 outsize=677 kw= ok=1
Cmd: compileSnippet
  api=0 type=0 insize=19247 outsize=3521 kw= ok=1
Cmd: compileSnippet
  api=0 type=0 insize=19255 outsize=3402 kw= ok=1
Cmd: compileSnippet
  api=1 type=0 insize=19245 outsize=413 kw= ok=1
Cmd: compileSnippet
  api=1 type=1 insize=19262 outsize=66 kw= ok=1
Cmd: compileSnippet
  api=1 type=0 insize=4780 outsize=479 kw=DIRECTIONAL LIGHTMAP_ON DIRLIGHTMAP_OFF ok=1
Cmd: compileSnippet
  api=8 type=0 insize=4780 outsize=3551 kw=DIRECTIONAL LIGHTMAP_ON DIRLIGHTMAP_ON ok=1
Cmd: compileSnippet
  api=0 type=1 insize=4780 outsize=427 kw=DIRECTIONAL LIGHTMAP_ON DIRLIGHTMAP_OFF ok=1
Cmd: compileSnippet
  api=4 type=1 insize=4780 outsize=1469 kw=DIRECTIONAL LIGHTMAP_ON DIRLIGHTMAP_ON ok=1
Cmd: compileSnippet
  api=0 type=0 insize=2465 outsize=560 kw=DIRECTIONAL ok=1
Cmd: compileSnippet
  api=0 type=0 insize=2465 outsize=817 kw=POINT_COOKIE ok=1
Cmd: compileSnippet
  api=1 type=1 insize=2465 outsize=415 kw=POINT ok=1
Cmd: compileSnippet
  api=0 type=1 insize=2465 outsize=630 kw=POINT_COOKIE ok=1
Cmd: compileSnippet
  api=8 type=1 insize=2465 outsize=2129 kw=DIRECTIONAL_COOKIE ok=1
Cmd: compileSnippet
  api=4 type=0 insize=2950 outsize=673 kw=LIGHT_ON_SCREEN SPOT_SHAFTS ok=1
Cmd: compileSnippet
  api=0 type=0 insize=2950 outsize=5241 kw=SPOT_SHAFTS LIGHT_OFF_SCREEN ok=1
Cmd: compileSnippet
  api=0 type=1 insize=2950 outsize=6 kw=DIRECTIONAL_SHAFTS LIGHT_OFF_SCREEN ok=1
Cmd: compileSnippet
  api=0 type=1 insize=2950 outsize=6 kw=SPOT_SHAFTS LIGHT_OFF_SCREEN ok=1
Cmd: compileSnippet
  api=4 type=0 insize=6815 outsize=673 kw=LIGHT_ON_SCREEN DIRECTIONAL_SHAFTS SHOW_SAMPLES_OFF QUAD_SHAFTS FLIP_WORKAROUND_ON ok=1
Cmd: compileSnippet
  api=4 type=0 insize=6815 outsize=673 kw=LIGHT_ON_SCREEN SPOT_SHAFTS SHOW_SAMPLES_OFF QUAD_SHAFTS FLIP_WORKAROUND_ON ok=1
Cmd: compileSnippet
  api=4 type=0 insize=6815 outsize=1185 kw=LIGHT_ON_SCREEN DIRECTIONAL_SHAFTS SHOW_SAMPLES_OFF FLIP_WORKAROUND_OFF FRUSTUM_SHAFTS ok=1
Cmd: compileSnippet
  api=1 type=0 insize=6815 outsize=185 kw=LIGHT_ON_SCREEN DIRECTIONAL_SHAFTS SHOW_SAMPLES_OFF FLIP_WORKAROUND_ON FRUSTUM_SHAFTS ok=1
Cmd: compileSnippet
  api=0 type=0 insize=6815 outsize=6352 kw=LIGHT_ON_SCREEN SPOT_SHAFTS SHOW_SAMPLES_OFF FLIP_WORKAROUND_ON FRUSTUM_SHAFTS ok=1
Cmd: compileSnippet
  api=0 type=0 insize=6815 outsize=5493 kw=LIGHT_ON_SCREEN DIRECTIONAL_SHAFTS FLIP_WORKAROUND_ON FRUSTUM_SHAFTS SHOW_SAMPLES_ON ok=1
Cmd: compileSnippet
  api=1 type=0 insize=6815 outsize=253 kw=SPOT_SHAFTS LIGHT_OFF_SCREEN SHOW_SAMPLES_OFF QUAD_SHAFTS FLIP_WORKAROUND_OFF ok=1
Cmd: compileSnippet
  api=1 type=0 insize=6815 outsize=156 kw=SPOT_SHAFTS LIGHT_OFF_SCREEN SHOW_SAMPLES_OFF QUAD_SHAFTS FLIP_WORKAROUND_ON ok=1
Cmd: compileSnippet
  api=1 type=0 insize=6815 outsize=297 kw=DIRECTIONAL_SHAFTS LIGHT_OFF_SCREEN SHOW_SAMPLES_OFF FLIP_WORKAROUND_OFF FRUSTUM_SHAFTS ok=1
Cmd: compileSnippet
  api=0 type=0 insize=6815 outsize=7117 kw=SPOT_SHAFTS LIGHT_OFF_SCREEN SHOW_SAMPLES_OFF FLIP_WORKAROUND_OFF FRUSTUM_SHAFTS ok=1
Cmd: compileSnippet
  api=0 type=0 insize=6815 outsize=6258 kw=DIRECTIONAL_SHAFTS LIGHT_OFF_SCREEN FLIP_WORKAROUND_OFF FRUSTUM_SHAFTS SHOW_SAMPLES_ON ok=1
Cmd: compileSnippet
  api=0 type=1 insize=6815 outsize=6 kw=LIGHT_ON_SCREEN DIRECTIONAL_SHAFTS SHOW_SAMPLES_OFF QUAD_SHAFTS FLIP_WORKAROUND_ON ok=1
Cmd: compileSnippet
  api=1 type=1 insize=6815 outsize=3763 kw=LIGHT_ON_SCREEN SPOT_SHAFTS SHOW_SAMPLES_OFF QUAD_SHAFTS FLIP_WORKAROUND_ON ok=1
Cmd: compileSnippet
  api=0 type=1 insize=6815 outsize=6 kw=LIGHT_ON_SCREEN SPOT_SHAFTS SHOW_SAMPLES_OFF FLIP_WORKAROUND_OFF FRUSTUM_SHAFTS ok=1
Cmd: compileSnippet
  api=1 type=1 insize=6815 outsize=3919 kw=LIGHT_ON_SCREEN SPOT_SHAFTS SHOW_SAMPLES_OFF FLIP_WORKAROUND_OFF FRUSTUM_SHAFTS ok=1
Cmd: compileSnippet
  api=4 type=1 insize=6815 outsize=9700 kw=LIGHT_ON_SCREEN SPOT_SHAFTS SHOW_SAMPLES_OFF FLIP_WORKAROUND_ON FRUSTUM_SHAFTS ok=1
Cmd: compileSnippet
  api=4 type=1 insize=6815 outsize=8912 kw=LIGHT_ON_SCREEN DIRECTIONAL_SHAFTS FLIP_WORKAROUND_ON FRUSTUM_SHAFTS SHOW_SAMPLES_ON ok=1
Cmd: compileSnippet
  api=0 type=1 insize=6815 outsize=6 kw=SPOT_SHAFTS LIGHT_OFF_SCREEN SHOW_SAMPLES_OFF QUAD_SHAFTS FLIP_WORKAROUND_ON ok=1
Cmd: compileSnippet
  api=1 type=1 insize=6815 outsize=4347 kw=SPOT_SHAFTS LIGHT_OFF_SCREEN SHOW_SAMPLES_OFF QUAD_SHAFTS FLIP_WORKAROUND_ON ok=1
Cmd: compileSnippet
  api=0 type=1 insize=6815 outsize=6 kw=DIRECTIONAL_SHAFTS LIGHT_OFF_SCREEN SHOW_SAMPLES_OFF FLIP_WORKAROUND_ON FRUSTUM_SHAFTS ok=1
Cmd: compileSnippet
  api=1 type=1 insize=6815 outsize=3769 kw=DIRECTIONAL_SHAFTS LIGHT_OFF_SCREEN SHOW_SAMPLES_OFF FLIP_WORKAROUND_ON FRUSTUM_SHAFTS ok=1
Cmd: compileSnippet
  api=0 type=1 insize=6815 outsize=6 kw=SPOT_SHAFTS LIGHT_OFF_SCREEN SHOW_SAMPLES_OFF FLIP_WORKAROUND_ON FRUSTUM_SHAFTS ok=1
Cmd: compileSnippet
  api=1 type=1 insize=6815 outsize=4469 kw=SPOT_SHAFTS LIGHT_OFF_SCREEN SHOW_SAMPLES_OFF FLIP_WORKAROUND_ON FRUSTUM_SHAFTS ok=1
Cmd: compileSnippet
  api=0 type=1 insize=6815 outsize=6 kw=DIRECTIONAL_SHAFTS LIGHT_OFF_SCREEN QUAD_SHAFTS FLIP_WORKAROUND_ON SHOW_SAMPLES_ON ok=1
Cmd: compileSnippet
  api=1 type=1 insize=6815 outsize=3837 kw=DIRECTIONAL_SHAFTS LIGHT_OFF_SCREEN QUAD_SHAFTS FLIP_WORKAROUND_ON SHOW_SAMPLES_ON ok=1
Cmd: compileSnippet
  api=0 type=1 insize=6815 outsize=6 kw=SPOT_SHAFTS LIGHT_OFF_SCREEN QUAD_SHAFTS FLIP_WORKAROUND_ON SHOW_SAMPLES_ON ok=1
Cmd: compileSnippet
  api=1 type=1 insize=6815 outsize=4563 kw=SPOT_SHAFTS LIGHT_OFF_SCREEN QUAD_SHAFTS FLIP_WORKAROUND_ON SHOW_SAMPLES_ON ok=1
Cmd: compileSnippet
  api=4 type=1 insize=6815 outsize=10488 kw=DIRECTIONAL_SHAFTS LIGHT_OFF_SCREEN FLIP_WORKAROUND_OFF FRUSTUM_SHAFTS SHOW_SAMPLES_ON ok=1
Cmd: compileSnippet
  api=0 type=1 insize=665 outsize=160 kw= ok=1
Cmd: compileSnippet
  api=1 type=0 insize=422 outsize=162 kw= ok=1
Cmd: compileSnippet
  api=0 type=0 insize=4197 outsize=5453 kw=SPOT_SHAFTS COLORED_ON ATTENUATION_CURVE_ON COOKIE_TEX_ON ok=1
Cmd: compileSnippet
  api=0 type=0 insize=4197 outsize=3843 kw=DIRECTIONAL_SHAFTS ATTENUATION_CURVE_ON COOKIE_TEX_ON COLORED_OFF ok=1
Cmd: compileSnippet
  api=4 type=0 insize=4197 outsize=665 kw=DIRECTIONAL_SHAFTS COOKIE_TEX_ON ATTENUATION_CURVE_OFF COLORED_OFF ok=1
Cmd: compileSnippet
  api=0 type=0 insize=4197 outsize=3714 kw=DIRECTIONAL_SHAFTS COOKIE_TEX_OFF ATTENUATION_CURVE_OFF COLORED_OFF ok=1
Cmd: compileSnippet
  api=4 type=1 insize=4197 outsize=7449 kw=SPOT_SHAFTS COLORED_ON ATTENUATION_CURVE_ON COOKIE_TEX_ON ok=1
Cmd: compileSnippet
  api=4 type=1 insize=4197 outsize=5426 kw=DIRECTIONAL_SHAFTS ATTENUATION_CURVE_ON COOKIE_TEX_ON COLORED_OFF ok=1
Cmd: compileSnippet
  api=0 type=1 insize=4197 outsize=6 kw=SPOT_SHAFTS COOKIE_TEX_ON ATTENUATION_CURVE_OFF COLORED_OFF ok=1
Cmd: compileSnippet
  api=1 type=1 insize=4197 outsize=2769 kw=SPOT_SHAFTS COOKIE_TEX_ON ATTENUATION_CURVE_OFF COLORED_OFF ok=1
Cmd: compileSnippet
  api=4 type=1 insize=4197 outsize=7498 kw=SPOT_SHAFTS COOKIE_TEX_OFF ATTENUATION_CURVE_OFF COLORED_OFF ok=1
Cmd: compileSnippet
  api=0 type=1 insize=1282 outsize=6 kw= ok=1
Unhandled exception: Readfile from pipe failed. GLE=The pipe has been ended.


Quitting shader compiler process
