Base path: C:/Program Files (x86)/Unity/Editor/Data
Pipe name: \\.\pipe\UnityShaderCompiler-7-4024
Cmd: getPlatforms
Cmd: compileSnippet
  api=1 type=0 insize=5046 outsize=908 kw=DIRECTIONAL SHADOWS_SCREEN LIGHTMAP_OFF DIRLIGHTMAP_OFF ok=1
Cmd: compileSnippet
  api=0 type=0 insize=5046 outsize=1889 kw=DIRECTIONAL SHADOWS_SCREEN LIGHTMAP_OFF DIRLIGHTMAP_OFF VERTEXLIGHT_ON ok=1
Cmd: compileSnippet
  api=1 type=0 insize=19254 outsize=318 kw= ok=1
Cmd: compileSnippet
  api=0 type=0 insize=19241 outsize=941 kw= ok=1
Cmd: compileSnippet
  api=1 type=0 insize=19256 outsize=318 kw= ok=1
Cmd: compileSnippet
  api=1 type=0 insize=19265 outsize=595 kw= ok=1
Cmd: compileSnippet
  api=1 type=1 insize=19243 outsize=124 kw= ok=1
Cmd: compileSnippet
  api=0 type=1 insize=19245 outsize=6 kw= ok=1
Cmd: compileSnippet
  api=0 type=0 insize=4780 outsize=1281 kw=DIRECTIONAL LIGHTMAP_OFF DIRLIGHTMAP_OFF ok=1
Cmd: compileSnippet
  api=4 type=0 insize=4780 outsize=5280 kw=DIRECTIONAL LIGHTMAP_OFF DIRLIGHTMAP_OFF VERTEXLIGHT_ON ok=1
Cmd: compileSnippet
  api=8 type=1 insize=4780 outsize=2162 kw=DIRECTIONAL LIGHTMAP_ON DIRLIGHTMAP_OFF ok=1
Cmd: compileSnippet
  api=8 type=0 insize=2465 outsize=2608 kw=DIRECTIONAL ok=1
Cmd: compileSnippet
  api=8 type=0 insize=2465 outsize=4128 kw=SPOT ok=1
Cmd: compileSnippet
  api=8 type=1 insize=2465 outsize=2397 kw=POINT ok=1
Cmd: compileSnippet
  api=1 type=1 insize=2465 outsize=339 kw=DIRECTIONAL_COOKIE ok=1
Cmd: compileSnippet
  api=4 type=0 insize=2950 outsize=673 kw=DIRECTIONAL_SHAFTS LIGHT_OFF_SCREEN ok=1
Cmd: compileSnippet
  api=0 type=1 insize=2950 outsize=6 kw=LIGHT_ON_SCREEN DIRECTIONAL_SHAFTS ok=1
Cmd: compileSnippet
  api=4 type=1 insize=2950 outsize=8050 kw=SPOT_SHAFTS LIGHT_OFF_SCREEN ok=1
Cmd: compileSnippet
  api=1 type=0 insize=6815 outsize=156 kw=LIGHT_ON_SCREEN DIRECTIONAL_SHAFTS SHOW_SAMPLES_OFF QUAD_SHAFTS FLIP_WORKAROUND_ON ok=1
Cmd: compileSnippet
  api=0 type=0 insize=6815 outsize=6260 kw=LIGHT_ON_SCREEN SPOT_SHAFTS SHOW_SAMPLES_OFF QUAD_SHAFTS FLIP_WORKAROUND_ON ok=1
Cmd: compileSnippet
  api=0 type=0 insize=6815 outsize=5413 kw=LIGHT_ON_SCREEN DIRECTIONAL_SHAFTS QUAD_SHAFTS FLIP_WORKAROUND_OFF SHOW_SAMPLES_ON ok=1
Cmd: compileSnippet
  api=4 type=0 insize=6815 outsize=1006 kw=LIGHT_ON_SCREEN DIRECTIONAL_SHAFTS FLIP_WORKAROUND_ON FRUSTUM_SHAFTS SHOW_SAMPLES_ON ok=1
Cmd: compileSnippet
  api=4 type=0 insize=6815 outsize=1185 kw=LIGHT_ON_SCREEN SPOT_SHAFTS FLIP_WORKAROUND_OFF FRUSTUM_SHAFTS SHOW_SAMPLES_ON ok=1
Cmd: compileSnippet
  api=1 type=0 insize=6815 outsize=185 kw=LIGHT_ON_SCREEN SPOT_SHAFTS FLIP_WORKAROUND_ON FRUSTUM_SHAFTS SHOW_SAMPLES_ON ok=1
Cmd: compileSnippet
  api=0 type=0 insize=6815 outsize=7025 kw=SPOT_SHAFTS LIGHT_OFF_SCREEN SHOW_SAMPLES_OFF QUAD_SHAFTS FLIP_WORKAROUND_OFF ok=1
Cmd: compileSnippet
  api=1 type=0 insize=6815 outsize=185 kw=SPOT_SHAFTS LIGHT_OFF_SCREEN SHOW_SAMPLES_OFF FLIP_WORKAROUND_ON FRUSTUM_SHAFTS ok=1
Cmd: compileSnippet
  api=4 type=0 insize=6815 outsize=673 kw=DIRECTIONAL_SHAFTS LIGHT_OFF_SCREEN QUAD_SHAFTS FLIP_WORKAROUND_ON SHOW_SAMPLES_ON ok=1
Cmd: compileSnippet
  api=0 type=0 insize=6815 outsize=7360 kw=SPOT_SHAFTS LIGHT_OFF_SCREEN QUAD_SHAFTS FLIP_WORKAROUND_ON SHOW_SAMPLES_ON ok=1
Cmd: compileSnippet
  api=0 type=1 insize=6815 outsize=6 kw=LIGHT_ON_SCREEN DIRECTIONAL_SHAFTS SHOW_SAMPLES_OFF QUAD_SHAFTS FLIP_WORKAROUND_OFF ok=1
Cmd: compileSnippet
  api=4 type=1 insize=6815 outsize=9423 kw=LIGHT_ON_SCREEN SPOT_SHAFTS SHOW_SAMPLES_OFF QUAD_SHAFTS FLIP_WORKAROUND_ON ok=1
Cmd: compileSnippet
  api=4 type=1 insize=6815 outsize=8692 kw=LIGHT_ON_SCREEN DIRECTIONAL_SHAFTS QUAD_SHAFTS FLIP_WORKAROUND_ON SHOW_SAMPLES_ON ok=1
Cmd: compileSnippet
  api=0 type=1 insize=6815 outsize=6 kw=DIRECTIONAL_SHAFTS LIGHT_OFF_SCREEN SHOW_SAMPLES_OFF QUAD_SHAFTS FLIP_WORKAROUND_OFF ok=1
Cmd: compileSnippet
  api=1 type=1 insize=6815 outsize=3588 kw=DIRECTIONAL_SHAFTS LIGHT_OFF_SCREEN SHOW_SAMPLES_OFF QUAD_SHAFTS FLIP_WORKAROUND_OFF ok=1
Cmd: compileSnippet
  api=0 type=1 insize=6815 outsize=6 kw=DIRECTIONAL_SHAFTS LIGHT_OFF_SCREEN SHOW_SAMPLES_OFF QUAD_SHAFTS FLIP_WORKAROUND_ON ok=1
Cmd: compileSnippet
  api=1 type=1 insize=6815 outsize=3588 kw=DIRECTIONAL_SHAFTS LIGHT_OFF_SCREEN SHOW_SAMPLES_OFF QUAD_SHAFTS FLIP_WORKAROUND_ON ok=1
Cmd: compileSnippet
  api=4 type=1 insize=6815 outsize=11000 kw=SPOT_SHAFTS LIGHT_OFF_SCREEN SHOW_SAMPLES_OFF QUAD_SHAFTS FLIP_WORKAROUND_ON ok=1
Cmd: compileSnippet
  api=0 type=1 insize=6815 outsize=6 kw=SPOT_SHAFTS LIGHT_OFF_SCREEN QUAD_SHAFTS FLIP_WORKAROUND_OFF SHOW_SAMPLES_ON ok=1
Cmd: compileSnippet
  api=1 type=1 insize=6815 outsize=4563 kw=SPOT_SHAFTS LIGHT_OFF_SCREEN QUAD_SHAFTS FLIP_WORKAROUND_OFF SHOW_SAMPLES_ON ok=1
Cmd: compileSnippet
  api=0 type=1 insize=6815 outsize=6 kw=DIRECTIONAL_SHAFTS LIGHT_OFF_SCREEN FLIP_WORKAROUND_OFF FRUSTUM_SHAFTS SHOW_SAMPLES_ON ok=1
Cmd: compileSnippet
  api=1 type=1 insize=6815 outsize=3977 kw=DIRECTIONAL_SHAFTS LIGHT_OFF_SCREEN FLIP_WORKAROUND_OFF FRUSTUM_SHAFTS SHOW_SAMPLES_ON ok=1
Cmd: compileSnippet
  api=4 type=1 insize=6815 outsize=10488 kw=DIRECTIONAL_SHAFTS LIGHT_OFF_SCREEN FLIP_WORKAROUND_ON FRUSTUM_SHAFTS SHOW_SAMPLES_ON ok=1
Cmd: compileSnippet
  api=1 type=1 insize=665 outsize=71 kw= ok=1
Cmd: compileSnippet
  api=1 type=1 insize=745 outsize=41 kw= ok=1
Cmd: compileSnippet
  api=1 type=1 insize=2462 outsize=1852 kw= ok=1
Cmd: compileSnippet
  api=0 type=1 insize=422 outsize=6 kw= ok=1
Cmd: compileSnippet
  api=1 type=0 insize=4197 outsize=162 kw=SPOT_SHAFTS COLORED_ON ATTENUATION_CURVE_ON COOKIE_TEX_ON ok=1
Cmd: compileSnippet
  api=0 type=0 insize=4197 outsize=3801 kw=DIRECTIONAL_SHAFTS COLORED_ON COOKIE_TEX_ON ATTENUATION_CURVE_OFF ok=1
Cmd: compileSnippet
  api=1 type=0 insize=4197 outsize=162 kw=DIRECTIONAL_SHAFTS ATTENUATION_CURVE_ON COOKIE_TEX_ON COLORED_OFF ok=1
Cmd: compileSnippet
  api=4 type=0 insize=4197 outsize=665 kw=SPOT_SHAFTS ATTENUATION_CURVE_ON COOKIE_TEX_ON COLORED_OFF ok=1
Cmd: compileSnippet
  api=4 type=0 insize=4197 outsize=665 kw=DIRECTIONAL_SHAFTS ATTENUATION_CURVE_ON COOKIE_TEX_OFF COLORED_OFF ok=1
Cmd: compileSnippet
  api=4 type=0 insize=4197 outsize=665 kw=SPOT_SHAFTS ATTENUATION_CURVE_ON COOKIE_TEX_OFF COLORED_OFF ok=1
Cmd: compileSnippet
  api=1 type=0 insize=4197 outsize=162 kw=SPOT_SHAFTS COOKIE_TEX_ON ATTENUATION_CURVE_OFF COLORED_OFF ok=1
Cmd: compileSnippet
  api=4 type=0 insize=4197 outsize=665 kw=DIRECTIONAL_SHAFTS COOKIE_TEX_OFF ATTENUATION_CURVE_OFF COLORED_OFF ok=1
Cmd: compileSnippet
  api=0 type=1 insize=4197 outsize=6 kw=DIRECTIONAL_SHAFTS COLORED_ON ATTENUATION_CURVE_ON COOKIE_TEX_ON ok=1
Cmd: compileSnippet
  api=0 type=1 insize=4197 outsize=6 kw=SPOT_SHAFTS COLORED_ON ATTENUATION_CURVE_ON COOKIE_TEX_OFF ok=1
Cmd: compileSnippet
  api=0 type=1 insize=4197 outsize=6 kw=DIRECTIONAL_SHAFTS COLORED_ON COOKIE_TEX_ON ATTENUATION_CURVE_OFF ok=1
Cmd: compileSnippet
  api=1 type=1 insize=4197 outsize=1914 kw=DIRECTIONAL_SHAFTS COLORED_ON COOKIE_TEX_ON ATTENUATION_CURVE_OFF ok=1
Cmd: compileSnippet
  api=1 type=1 insize=4197 outsize=1914 kw=DIRECTIONAL_SHAFTS COLORED_ON COOKIE_TEX_OFF ATTENUATION_CURVE_OFF ok=1
Cmd: compileSnippet
  api=0 type=1 insize=4197 outsize=6 kw=DIRECTIONAL_SHAFTS ATTENUATION_CURVE_ON COOKIE_TEX_ON COLORED_OFF ok=1
Cmd: compileSnippet
  api=1 type=1 insize=4197 outsize=1868 kw=DIRECTIONAL_SHAFTS ATTENUATION_CURVE_ON COOKIE_TEX_ON COLORED_OFF ok=1
Cmd: compileSnippet
  api=1 type=1 insize=4197 outsize=1868 kw=DIRECTIONAL_SHAFTS ATTENUATION_CURVE_ON COOKIE_TEX_OFF COLORED_OFF ok=1
Cmd: compileSnippet
  api=4 type=1 insize=4197 outsize=5402 kw=DIRECTIONAL_SHAFTS COOKIE_TEX_ON ATTENUATION_CURVE_OFF COLORED_OFF ok=1
Unhandled exception: Readfile from pipe failed. GLE=The pipe has been ended.


Quitting shader compiler process
