Base path: C:/Program Files (x86)/Unity/Editor/Data
Pipe name: \\.\pipe\UnityShaderCompiler-2-3920
Cmd: getPlatforms
Cmd: compileSnippet
  api=4 type=0 insize=5046 outsize=3785 kw=DIRECTIONAL SHADOWS_SCREEN LIGHTMAP_OFF DIRLIGHTMAP_OFF ok=1
Cmd: compileSnippet
  api=1 type=0 insize=5046 outsize=1339 kw=DIRECTIONAL SHADOWS_OFF LIGHTMAP_OFF DIRLIGHTMAP_OFF VERTEXLIGHT_ON ok=1
Cmd: compileSnippet
  api=1 type=1 insize=5046 outsize=526 kw=DIRECTIONAL SHADOWS_OFF LIGHTMAP_OFF DIRLIGHTMAP_OFF ok=1
Cmd: compileSnippet
  api=1 type=1 insize=19254 outsize=1097 kw= ok=1
Cmd: compileSnippet
  api=0 type=1 insize=19258 outsize=6 kw= ok=1
Cmd: compileSnippet
  api=1 type=0 insize=19253 outsize=318 kw= ok=1
Cmd: compileSnippet
  api=1 type=1 insize=19240 outsize=750 kw= ok=1
Cmd: compileSnippet
  api=0 type=1 insize=19251 outsize=6 kw= ok=1
Cmd: compileSnippet
  api=1 type=0 insize=19257 outsize=318 kw= ok=1
Cmd: compileSnippet
  api=1 type=1 insize=19250 outsize=242 kw= ok=1
Cmd: compileSnippet
  api=0 type=1 insize=19257 outsize=6 kw= ok=1
Cmd: compileSnippet
  api=1 type=0 insize=19246 outsize=318 kw= ok=1
Cmd: compileSnippet
  api=1 type=1 insize=19239 outsize=110 kw= ok=1
Cmd: compileSnippet
  api=0 type=1 insize=19247 outsize=6 kw= ok=1
Cmd: compileSnippet
  api=0 type=0 insize=19265 outsize=3429 kw= ok=1
Cmd: compileSnippet
  api=0 type=0 insize=19243 outsize=549 kw= ok=1
Cmd: compileSnippet
  api=0 type=0 insize=19245 outsize=1652 kw= ok=1
Cmd: compileSnippet
  api=0 type=0 insize=19262 outsize=426 kw= ok=1
Cmd: compileSnippet
  api=4 type=0 insize=4780 outsize=2468 kw=DIRECTIONAL LIGHTMAP_ON DIRLIGHTMAP_OFF ok=1
Cmd: compileSnippet
  api=1 type=0 insize=4780 outsize=479 kw=DIRECTIONAL LIGHTMAP_ON DIRLIGHTMAP_ON ok=1
Cmd: compileSnippet
  api=1 type=1 insize=4780 outsize=318 kw=DIRECTIONAL LIGHTMAP_ON DIRLIGHTMAP_OFF ok=1
Cmd: compileSnippet
  api=8 type=1 insize=4780 outsize=2162 kw=DIRECTIONAL LIGHTMAP_ON DIRLIGHTMAP_ON ok=1
Cmd: compileSnippet
  api=1 type=0 insize=2465 outsize=402 kw=SPOT ok=1
Cmd: compileSnippet
  api=8 type=0 insize=2465 outsize=4128 kw=POINT_COOKIE ok=1
Cmd: compileSnippet
  api=0 type=1 insize=2465 outsize=366 kw=DIRECTIONAL ok=1
Cmd: compileSnippet
  api=4 type=1 insize=2465 outsize=2103 kw=SPOT ok=1
Cmd: compileSnippet
  api=1 type=0 insize=2950 outsize=99 kw=LIGHT_ON_SCREEN DIRECTIONAL_SHAFTS ok=1
Cmd: compileSnippet
  api=4 type=0 insize=2950 outsize=673 kw=SPOT_SHAFTS LIGHT_OFF_SCREEN ok=1
Cmd: compileSnippet
  api=4 type=1 insize=2950 outsize=6734 kw=DIRECTIONAL_SHAFTS LIGHT_OFF_SCREEN ok=1
Cmd: compileSnippet
  api=0 type=0 insize=6815 outsize=5078 kw=LIGHT_ON_SCREEN DIRECTIONAL_SHAFTS SHOW_SAMPLES_OFF QUAD_SHAFTS FLIP_WORKAROUND_ON ok=1
Cmd: compileSnippet
  api=0 type=0 insize=6815 outsize=6352 kw=LIGHT_ON_SCREEN SPOT_SHAFTS SHOW_SAMPLES_OFF FLIP_WORKAROUND_OFF FRUSTUM_SHAFTS ok=1
Cmd: compileSnippet
  api=0 type=0 insize=6815 outsize=5493 kw=LIGHT_ON_SCREEN DIRECTIONAL_SHAFTS FLIP_WORKAROUND_OFF FRUSTUM_SHAFTS SHOW_SAMPLES_ON ok=1
Cmd: compileSnippet
  api=4 type=0 insize=6815 outsize=868 kw=DIRECTIONAL_SHAFTS LIGHT_OFF_SCREEN SHOW_SAMPLES_OFF QUAD_SHAFTS FLIP_WORKAROUND_OFF ok=1
Cmd: compileSnippet
  api=1 type=0 insize=6815 outsize=156 kw=DIRECTIONAL_SHAFTS LIGHT_OFF_SCREEN SHOW_SAMPLES_OFF QUAD_SHAFTS FLIP_WORKAROUND_ON ok=1
Cmd: compileSnippet
  api=4 type=0 insize=6815 outsize=868 kw=SPOT_SHAFTS LIGHT_OFF_SCREEN SHOW_SAMPLES_OFF QUAD_SHAFTS FLIP_WORKAROUND_OFF ok=1
Cmd: compileSnippet
  api=0 type=0 insize=6815 outsize=5931 kw=DIRECTIONAL_SHAFTS LIGHT_OFF_SCREEN SHOW_SAMPLES_OFF FLIP_WORKAROUND_OFF FRUSTUM_SHAFTS ok=1
Cmd: compileSnippet
  api=0 type=0 insize=6815 outsize=6178 kw=DIRECTIONAL_SHAFTS LIGHT_OFF_SCREEN QUAD_SHAFTS FLIP_WORKAROUND_ON SHOW_SAMPLES_ON ok=1
Cmd: compileSnippet
  api=1 type=0 insize=6815 outsize=297 kw=SPOT_SHAFTS LIGHT_OFF_SCREEN FLIP_WORKAROUND_OFF FRUSTUM_SHAFTS SHOW_SAMPLES_ON ok=1
Cmd: compileSnippet
  api=1 type=1 insize=6815 outsize=3006 kw=LIGHT_ON_SCREEN DIRECTIONAL_SHAFTS SHOW_SAMPLES_OFF QUAD_SHAFTS FLIP_WORKAROUND_OFF ok=1
Cmd: compileSnippet
  api=4 type=1 insize=6815 outsize=8383 kw=LIGHT_ON_SCREEN DIRECTIONAL_SHAFTS SHOW_SAMPLES_OFF FLIP_WORKAROUND_OFF FRUSTUM_SHAFTS ok=1
Cmd: compileSnippet
  api=1 type=1 insize=6815 outsize=3985 kw=LIGHT_ON_SCREEN SPOT_SHAFTS QUAD_SHAFTS FLIP_WORKAROUND_OFF SHOW_SAMPLES_ON ok=1
Cmd: compileSnippet
  api=1 type=1 insize=6815 outsize=3381 kw=LIGHT_ON_SCREEN DIRECTIONAL_SHAFTS FLIP_WORKAROUND_OFF FRUSTUM_SHAFTS SHOW_SAMPLES_ON ok=1
Cmd: compileSnippet
  api=0 type=1 insize=6815 outsize=6 kw=LIGHT_ON_SCREEN SPOT_SHAFTS FLIP_WORKAROUND_OFF FRUSTUM_SHAFTS SHOW_SAMPLES_ON ok=1
Cmd: compileSnippet
  api=1 type=1 insize=6815 outsize=4148 kw=LIGHT_ON_SCREEN SPOT_SHAFTS FLIP_WORKAROUND_OFF FRUSTUM_SHAFTS SHOW_SAMPLES_ON ok=1
Cmd: compileSnippet
  api=4 type=1 insize=6815 outsize=10228 kw=LIGHT_ON_SCREEN SPOT_SHAFTS FLIP_WORKAROUND_ON FRUSTUM_SHAFTS SHOW_SAMPLES_ON ok=1
Cmd: compileSnippet
  api=0 type=1 insize=6815 outsize=6 kw=SPOT_SHAFTS LIGHT_OFF_SCREEN SHOW_SAMPLES_OFF FLIP_WORKAROUND_OFF FRUSTUM_SHAFTS ok=1
Cmd: compileSnippet
  api=4 type=1 insize=6815 outsize=11276 kw=SPOT_SHAFTS LIGHT_OFF_SCREEN SHOW_SAMPLES_OFF FLIP_WORKAROUND_OFF FRUSTUM_SHAFTS ok=1
Cmd: compileSnippet
  api=0 type=1 insize=6815 outsize=6 kw=DIRECTIONAL_SHAFTS LIGHT_OFF_SCREEN FLIP_WORKAROUND_ON FRUSTUM_SHAFTS SHOW_SAMPLES_ON ok=1
Cmd: compileSnippet
  api=1 type=1 insize=6815 outsize=3977 kw=DIRECTIONAL_SHAFTS LIGHT_OFF_SCREEN FLIP_WORKAROUND_ON FRUSTUM_SHAFTS SHOW_SAMPLES_ON ok=1
Cmd: compileSnippet
  api=1 type=1 insize=6815 outsize=4706 kw=SPOT_SHAFTS LIGHT_OFF_SCREEN FLIP_WORKAROUND_OFF FRUSTUM_SHAFTS SHOW_SAMPLES_ON ok=1
Cmd: compileSnippet
  api=4 type=1 insize=6815 outsize=11804 kw=SPOT_SHAFTS LIGHT_OFF_SCREEN FLIP_WORKAROUND_ON FRUSTUM_SHAFTS SHOW_SAMPLES_ON ok=1
Cmd: compileSnippet
  api=0 type=1 insize=745 outsize=84 kw= ok=1
Cmd: compileSnippet
  api=1 type=0 insize=4197 outsize=162 kw=DIRECTIONAL_SHAFTS COLORED_ON ATTENUATION_CURVE_ON COOKIE_TEX_ON ok=1
Cmd: compileSnippet
  api=1 type=0 insize=4197 outsize=162 kw=SPOT_SHAFTS COLORED_ON ATTENUATION_CURVE_ON COOKIE_TEX_OFF ok=1
Cmd: compileSnippet
  api=0 type=0 insize=4197 outsize=5320 kw=SPOT_SHAFTS COLORED_ON COOKIE_TEX_ON ATTENUATION_CURVE_OFF ok=1
Cmd: compileSnippet
  api=0 type=0 insize=4197 outsize=5428 kw=SPOT_SHAFTS ATTENUATION_CURVE_ON COOKIE_TEX_OFF COLORED_OFF ok=1
Cmd: compileSnippet
  api=0 type=1 insize=4197 outsize=6 kw=SPOT_SHAFTS COLORED_ON ATTENUATION_CURVE_ON COOKIE_TEX_ON ok=1
Cmd: compileSnippet
  api=4 type=1 insize=4197 outsize=7677 kw=SPOT_SHAFTS COLORED_ON ATTENUATION_CURVE_ON COOKIE_TEX_OFF ok=1
Cmd: compileSnippet
  api=4 type=1 insize=4197 outsize=7246 kw=SPOT_SHAFTS ATTENUATION_CURVE_ON COOKIE_TEX_ON COLORED_OFF ok=1
Cmd: compileSnippet
  api=0 type=1 insize=4197 outsize=6 kw=SPOT_SHAFTS COOKIE_TEX_OFF ATTENUATION_CURVE_OFF COLORED_OFF ok=1
Cmd: compileSnippet
  api=1 type=0 insize=1282 outsize=162 kw= ok=1
Unhandled exception: Readfile from pipe failed. GLE=The pipe has been ended.


Quitting shader compiler process
