Base path: C:/Program Files (x86)/Unity/Editor/Data
Pipe name: \\.\pipe\UnityShaderCompiler-4-4996
Cmd: getPlatforms
Cmd: compileSnippet
  api=8 type=0 insize=5046 outsize=5525 kw=DIRECTIONAL SHADOWS_SCREEN LIGHTMAP_OFF DIRLIGHTMAP_OFF ok=1
Cmd: compileSnippet
  api=0 type=1 insize=5046 outsize=625 kw=DIRECTIONAL SHADOWS_OFF LIGHTMAP_OFF DIRLIGHTMAP_OFF ok=1
Cmd: compileSnippet
  api=1 type=1 insize=19245 outsize=9343 kw= ok=1
Cmd: compileSnippet
  api=0 type=1 insize=19254 outsize=6 kw= ok=1
Cmd: compileSnippet
  api=1 type=0 insize=19262 outsize=318 kw= ok=1
Cmd: compileSnippet
  api=8 type=0 insize=4780 outsize=3551 kw=DIRECTIONAL LIGHTMAP_ON DIRLIGHTMAP_OFF ok=1
Cmd: compileSnippet
  api=8 type=0 insize=4780 outsize=7963 kw=DIRECTIONAL LIGHTMAP_OFF DIRLIGHTMAP_OFF VERTEXLIGHT_ON ok=1
Cmd: compileSnippet
  api=4 type=1 insize=4780 outsize=1469 kw=DIRECTIONAL LIGHTMAP_ON DIRLIGHTMAP_OFF ok=1
Cmd: compileSnippet
  api=0 type=0 insize=2465 outsize=854 kw=SPOT ok=1
Cmd: compileSnippet
  api=0 type=0 insize=2465 outsize=775 kw=DIRECTIONAL_COOKIE ok=1
Cmd: compileSnippet
  api=0 type=1 insize=2465 outsize=756 kw=SPOT ok=1
Cmd: compileSnippet
  api=4 type=1 insize=2465 outsize=1794 kw=POINT_COOKIE ok=1
Cmd: compileSnippet
  api=0 type=0 insize=2950 outsize=4469 kw=LIGHT_ON_SCREEN SPOT_SHAFTS ok=1
Cmd: compileSnippet
  api=1 type=1 insize=2950 outsize=2604 kw=LIGHT_ON_SCREEN SPOT_SHAFTS ok=1
Cmd: compileSnippet
  api=1 type=0 insize=6815 outsize=253 kw=LIGHT_ON_SCREEN DIRECTIONAL_SHAFTS SHOW_SAMPLES_OFF QUAD_SHAFTS FLIP_WORKAROUND_OFF ok=1
Cmd: compileSnippet
  api=0 type=0 insize=6815 outsize=5166 kw=LIGHT_ON_SCREEN DIRECTIONAL_SHAFTS SHOW_SAMPLES_OFF FLIP_WORKAROUND_OFF FRUSTUM_SHAFTS ok=1
Cmd: compileSnippet
  api=1 type=0 insize=6815 outsize=185 kw=LIGHT_ON_SCREEN SPOT_SHAFTS SHOW_SAMPLES_OFF FLIP_WORKAROUND_ON FRUSTUM_SHAFTS ok=1
Cmd: compileSnippet
  api=1 type=0 insize=6815 outsize=253 kw=LIGHT_ON_SCREEN SPOT_SHAFTS QUAD_SHAFTS FLIP_WORKAROUND_OFF SHOW_SAMPLES_ON ok=1
Cmd: compileSnippet
  api=1 type=0 insize=6815 outsize=156 kw=LIGHT_ON_SCREEN SPOT_SHAFTS QUAD_SHAFTS FLIP_WORKAROUND_ON SHOW_SAMPLES_ON ok=1
Cmd: compileSnippet
  api=4 type=0 insize=6815 outsize=1185 kw=LIGHT_ON_SCREEN DIRECTIONAL_SHAFTS FLIP_WORKAROUND_OFF FRUSTUM_SHAFTS SHOW_SAMPLES_ON ok=1
Cmd: compileSnippet
  api=1 type=0 insize=6815 outsize=185 kw=LIGHT_ON_SCREEN DIRECTIONAL_SHAFTS FLIP_WORKAROUND_ON FRUSTUM_SHAFTS SHOW_SAMPLES_ON ok=1
Cmd: compileSnippet
  api=0 type=0 insize=6815 outsize=6679 kw=LIGHT_ON_SCREEN SPOT_SHAFTS FLIP_WORKAROUND_ON FRUSTUM_SHAFTS SHOW_SAMPLES_ON ok=1
Cmd: compileSnippet
  api=0 type=0 insize=6815 outsize=5931 kw=DIRECTIONAL_SHAFTS LIGHT_OFF_SCREEN SHOW_SAMPLES_OFF FLIP_WORKAROUND_ON FRUSTUM_SHAFTS ok=1
Cmd: compileSnippet
  api=0 type=0 insize=6815 outsize=7360 kw=SPOT_SHAFTS LIGHT_OFF_SCREEN QUAD_SHAFTS FLIP_WORKAROUND_OFF SHOW_SAMPLES_ON ok=1
Cmd: compileSnippet
  api=4 type=0 insize=6815 outsize=1006 kw=SPOT_SHAFTS LIGHT_OFF_SCREEN FLIP_WORKAROUND_ON FRUSTUM_SHAFTS SHOW_SAMPLES_ON ok=1
Cmd: compileSnippet
  api=4 type=1 insize=6815 outsize=9423 kw=LIGHT_ON_SCREEN SPOT_SHAFTS SHOW_SAMPLES_OFF QUAD_SHAFTS FLIP_WORKAROUND_OFF ok=1
Cmd: compileSnippet
  api=0 type=1 insize=6815 outsize=6 kw=LIGHT_ON_SCREEN DIRECTIONAL_SHAFTS QUAD_SHAFTS FLIP_WORKAROUND_ON SHOW_SAMPLES_ON ok=1
Cmd: compileSnippet
  api=1 type=1 insize=6815 outsize=3248 kw=LIGHT_ON_SCREEN DIRECTIONAL_SHAFTS QUAD_SHAFTS FLIP_WORKAROUND_ON SHOW_SAMPLES_ON ok=1
Cmd: compileSnippet
  api=4 type=1 insize=6815 outsize=9952 kw=LIGHT_ON_SCREEN SPOT_SHAFTS QUAD_SHAFTS FLIP_WORKAROUND_ON SHOW_SAMPLES_ON ok=1
Cmd: compileSnippet
  api=1 type=1 insize=6815 outsize=4347 kw=SPOT_SHAFTS LIGHT_OFF_SCREEN SHOW_SAMPLES_OFF QUAD_SHAFTS FLIP_WORKAROUND_OFF ok=1
Cmd: compileSnippet
  api=0 type=1 insize=6815 outsize=6 kw=DIRECTIONAL_SHAFTS LIGHT_OFF_SCREEN SHOW_SAMPLES_OFF FLIP_WORKAROUND_OFF FRUSTUM_SHAFTS ok=1
Cmd: compileSnippet
  api=1 type=1 insize=6815 outsize=3769 kw=DIRECTIONAL_SHAFTS LIGHT_OFF_SCREEN SHOW_SAMPLES_OFF FLIP_WORKAROUND_OFF FRUSTUM_SHAFTS ok=1
Cmd: compileSnippet
  api=4 type=1 insize=6815 outsize=9960 kw=DIRECTIONAL_SHAFTS LIGHT_OFF_SCREEN SHOW_SAMPLES_OFF FLIP_WORKAROUND_ON FRUSTUM_SHAFTS ok=1
Cmd: compileSnippet
  api=4 type=1 insize=6815 outsize=11528 kw=SPOT_SHAFTS LIGHT_OFF_SCREEN QUAD_SHAFTS FLIP_WORKAROUND_ON SHOW_SAMPLES_ON ok=1
Cmd: compileSnippet
  api=1 type=0 insize=665 outsize=145 kw= ok=1
Cmd: compileSnippet
  api=1 type=0 insize=745 outsize=193 kw= ok=1
Cmd: compileSnippet
  api=1 type=0 insize=2462 outsize=162 kw= ok=1
Cmd: compileSnippet
  api=1 type=1 insize=422 outsize=49 kw= ok=1
Cmd: compileSnippet
  api=4 type=0 insize=4197 outsize=665 kw=SPOT_SHAFTS COLORED_ON ATTENUATION_CURVE_ON COOKIE_TEX_ON ok=1
Cmd: compileSnippet
  api=1 type=0 insize=4197 outsize=162 kw=DIRECTIONAL_SHAFTS COLORED_ON COOKIE_TEX_ON ATTENUATION_CURVE_OFF ok=1
Cmd: compileSnippet
  api=1 type=0 insize=4197 outsize=162 kw=SPOT_SHAFTS COLORED_ON COOKIE_TEX_ON ATTENUATION_CURVE_OFF ok=1
Cmd: compileSnippet
  api=0 type=0 insize=4197 outsize=3801 kw=DIRECTIONAL_SHAFTS COLORED_ON COOKIE_TEX_OFF ATTENUATION_CURVE_OFF ok=1
Cmd: compileSnippet
  api=1 type=0 insize=4197 outsize=162 kw=SPOT_SHAFTS ATTENUATION_CURVE_ON COOKIE_TEX_OFF COLORED_OFF ok=1
Cmd: compileSnippet
  api=1 type=0 insize=4197 outsize=162 kw=DIRECTIONAL_SHAFTS COOKIE_TEX_ON ATTENUATION_CURVE_OFF COLORED_OFF ok=1
Cmd: compileSnippet
  api=4 type=0 insize=4197 outsize=665 kw=SPOT_SHAFTS COOKIE_TEX_ON ATTENUATION_CURVE_OFF COLORED_OFF ok=1
Cmd: compileSnippet
  api=0 type=0 insize=4197 outsize=5295 kw=SPOT_SHAFTS COOKIE_TEX_OFF ATTENUATION_CURVE_OFF COLORED_OFF ok=1
Cmd: compileSnippet
  api=1 type=1 insize=4197 outsize=1916 kw=DIRECTIONAL_SHAFTS COLORED_ON ATTENUATION_CURVE_ON COOKIE_TEX_OFF ok=1
Cmd: compileSnippet
  api=0 type=1 insize=4197 outsize=6 kw=SPOT_SHAFTS COLORED_ON COOKIE_TEX_ON ATTENUATION_CURVE_OFF ok=1
Cmd: compileSnippet
  api=4 type=1 insize=4197 outsize=7473 kw=SPOT_SHAFTS COLORED_ON COOKIE_TEX_ON ATTENUATION_CURVE_OFF ok=1
Cmd: compileSnippet
  api=4 type=1 insize=4197 outsize=7473 kw=SPOT_SHAFTS ATTENUATION_CURVE_ON COOKIE_TEX_OFF COLORED_OFF ok=1
Unhandled exception: Readfile from pipe failed. GLE=The pipe has been ended.


Quitting shader compiler process
